Arguments: 
  C:\Program Files\nodejs\node.exe C:\Program Files\nodejs\node_modules\yarn\bin\yarn.js add -D nodemon npm-run-al

PATH: 
  C:\Program Files (x86)\Common Files\Oracle\Java\javapath;C:\Windows\system32;C:\Windows;C:\Windows\System32\Wbem;C:\Windows\System32\WindowsPowerShell\v1.0\;C:\Windows\System32\OpenSSH\;C:\Program Files (x86)\NVIDIA Corporation\PhysX\Common;C:\Program Files\Git\cmd;C:\Program Files\dotnet\;C:\Program Files\Microsoft SQL Server\130\Tools\Binn\;C:\Program Files\Microsoft SQL Server\Client SDK\ODBC\170\Tools\Binn\;C:\Program Files\PuTTY\;C:\ProgramData\chocolatey\bin;C:\Users\denai\AppData\Local\Programs\Python\Python39\;C:\Users\denai\AppData\Local\Programs\Python\Python39\Scripts\;C:\Users\denai\Github\aries-cloudagent-python\bin;C:\Users\denai\Documents\ngrok\;C:\Program Files\Git LFS;C:\Users\denai\Downloads\libindy_1.16.1\lib;C:\Program Files\Microsoft SQL Server\140\Tools\Binn\;C:\Program Files\Microsoft SQL Server\150\Tools\Binn\;C:\Program Files\OpenJDK\openjdk-11.0.15_10\bin;C:\Users\denai\AppData\Local\Android\Sdk\platform-tools;C:\Users\denai\AppData\Roaming\nvm;C:\Program Files\nodejs;C:\Program Files\TortoiseGit\bin;C:\Program Files\GitHub CLI\;C:\Program Files\Go\bin;C:\Program Files\Docker\Docker\resources\bin;C:\ProgramData\DockerDesktop\version-bin;C:\Program Files\trinsic\okapi\;C:\Program Files\OpenJDK\openjdk-11.0.15_10;C:\Program Files\trinsic\cli\;"C:\mingw32\bin;C:\WINDOWS\system32;C:\WINDOWS;C:\WINDOWS\System32\Wbem;C:\WINDOWS\System32\WindowsPowerShell\v1.0\";;C:\WINDOWS\System32\WindowsPowerShell\v1.0\;C:\WINDOWS\System32\OpenSSH\;C:\Program Files\PowerShell\7\;C:\Users\denai\.local\share\solana\install\active_release\bin;C:\Program Files\MySQL\MySQL Shell 8.0\bin\;C:\Users\denai\.cargo\bin;C:\Users\denai\AppData\Local\Microsoft\WindowsApps;C:\Users\denai\AppData\Local\Programs\Microsoft VS Code\bin;C:\Users\denai\.dotnet\tools;C:\Users\denai\.web3j\web3j-cli-shadow-1.4.1\bin;C:\flutter\flutter\bin;C:\Users\denai\AppData\Local\gitkraken\bin;C:\Users\denai\AppData\Local\Android\Sdk\cmdline-tools\latest\bin;C:\Users\denai\AppData\Local\Android\Sdk\emulator;C:\Users\denai\AppData\Local\Android\Sdk\build-tools;C:\Gradle\gradle-7.4.2\bin;C:\Users\denai\Kotlin\kotlinc\bin;C:\Users\denai\go\bin;C:\Users\denai\AppData\Local\GitHubDesktop\bin;C:\Users\denai\.deno\bin;C:\Program Files\JetBrains\IntelliJ IDEA Community Edition 2022.1.3\bin;C:\Users\denai\AppData\Local\Pub\Cache\bin;C:\Users\denai\AppData\Local\Microsoft\WindowsApps

Yarn version: 
  1.22.19

Node version: 
  16.18.0

Platform: 
  win32 x64

Trace: 
  Error: https://registry.yarnpkg.com/npm-run-al: Not found
      at Request.params.callback [as _callback] (C:\Users\denai\AppData\Roaming\nvm\v16.18.0\node_modules\yarn\lib\cli.js:66145:18)
      at Request.self.callback (C:\Users\denai\AppData\Roaming\nvm\v16.18.0\node_modules\yarn\lib\cli.js:140890:22)
      at Request.emit (node:events:513:28)
      at Request.<anonymous> (C:\Users\denai\AppData\Roaming\nvm\v16.18.0\node_modules\yarn\lib\cli.js:141862:10)
      at Request.emit (node:events:513:28)
      at IncomingMessage.<anonymous> (C:\Users\denai\AppData\Roaming\nvm\v16.18.0\node_modules\yarn\lib\cli.js:141784:12)
      at Object.onceWrapper (node:events:627:28)
      at IncomingMessage.emit (node:events:525:35)
      at endReadableNT (node:internal/streams/readable:1358:12)
      at processTicksAndRejections (node:internal/process/task_queues:83:21)

npm manifest: 
  {
    "name": "hapi_3",
    "version": "1.0.0",
    "main": "index.js",
    "license": "MIT",
    "dependencies": {
      "@hapi/hapi": "^21.0.0"
    },
    "devDependencies": {
      "@types/hapi__hapi": "^20.0.13",
      "@types/node": "^18.11.9",
      "typescript": "^4.8.4"
    }
  }

yarn manifest: 
  No manifest

Lockfile: 
  # THIS IS AN AUTOGENERATED FILE. DO NOT EDIT THIS FILE DIRECTLY.
  # yarn lockfile v1
  
  
  "@hapi/accept@^6.0.0":
    version "6.0.0"
    resolved "https://registry.yarnpkg.com/@hapi/accept/-/accept-6.0.0.tgz#360d6a12c7597489b19ad7830b41e3c38fe8c8c4"
    integrity sha512-aG/Ml4kSBWCVmWvR8N8ULRuB385D8K/3OI7lquZQruH11eM7sHR5Nha30BbDzijJHtyV7Vwc6MlMwNfwb70ISg==
    dependencies:
      "@hapi/boom" "^10.0.0"
      "@hapi/hoek" "^10.0.0"
  
  "@hapi/ammo@^6.0.0":
    version "6.0.0"
    resolved "https://registry.yarnpkg.com/@hapi/ammo/-/ammo-6.0.0.tgz#da790bf5ad5d08b4b68569e57627466ddd60cb45"
    integrity sha512-lhX7SYtWScQaeAIL5XnE54WzyDgS5RXVeEtFEovyZcTdVzTYbo0nem56Bwko1PBcRxRUIw1v2tMb6sjFs6vEwg==
    dependencies:
      "@hapi/hoek" "^10.0.0"
  
  "@hapi/b64@5.x.x":
    version "5.0.0"
    resolved "https://registry.yarnpkg.com/@hapi/b64/-/b64-5.0.0.tgz#b8210cbd72f4774985e78569b77e97498d24277d"
    integrity sha512-ngu0tSEmrezoiIaNGG6rRvKOUkUuDdf4XTPnONHGYfSGRmDqPZX5oJL6HAdKTo1UQHECbdB4OzhWrfgVppjHUw==
    dependencies:
      "@hapi/hoek" "9.x.x"
  
  "@hapi/b64@^6.0.0":
    version "6.0.0"
    resolved "https://registry.yarnpkg.com/@hapi/b64/-/b64-6.0.0.tgz#1d6bd751568964d20649c2247abb80c2d1bcf56e"
    integrity sha512-Es6o4BtzvMmNF28KJGuwUzUtMjF6ToZ1hQt3UOjaXc6TNkRefel+NyQSjc9b5q3Re7xwv23r0xK3Vo3yreaJHQ==
    dependencies:
      "@hapi/hoek" "^10.0.0"
  
  "@hapi/boom@9.x.x", "@hapi/boom@^9.0.0":
    version "9.1.4"
    resolved "https://registry.yarnpkg.com/@hapi/boom/-/boom-9.1.4.tgz#1f9dad367c6a7da9f8def24b4a986fc5a7bd9db6"
    integrity sha512-Ls1oH8jaN1vNsqcaHVYJrKmgMcKsC1wcp8bujvXrHaAqD2iDYq3HoOwsxwo09Cuda5R5nC0o0IxlrlTuvPuzSw==
    dependencies:
      "@hapi/hoek" "9.x.x"
  
  "@hapi/boom@^10.0.0":
    version "10.0.0"
    resolved "https://registry.yarnpkg.com/@hapi/boom/-/boom-10.0.0.tgz#3624831d0a26b3378423b246f50eacea16e04a08"
    integrity sha512-1YVs9tLHhypBqqinKQRqh7FUERIolarQApO37OWkzD+z6y6USi871Sv746zBPKcIOBuI6g6y4FrwX87mmJ90Gg==
    dependencies:
      "@hapi/hoek" "10.x.x"
  
  "@hapi/bounce@^3.0.0":
    version "3.0.0"
    resolved "https://registry.yarnpkg.com/@hapi/bounce/-/bounce-3.0.0.tgz#ba0594472775b75b802843805adffe59e3231d38"
    integrity sha512-L0G4NcwwOYRhpcXeL76hNrLTUcObqtZMB3z4kcRVUZcR/w3v6C5Q1cTElV4/V7og1fG+wOyDR55UMFA+tWfhtA==
    dependencies:
      "@hapi/boom" "^10.0.0"
      "@hapi/hoek" "^10.0.0"
  
  "@hapi/bourne@2.x.x":
    version "2.1.0"
    resolved "https://registry.yarnpkg.com/@hapi/bourne/-/bourne-2.1.0.tgz#66aff77094dc3080bd5df44ec63881f2676eb020"
    integrity sha512-i1BpaNDVLJdRBEKeJWkVO6tYX6DMFBuwMhSuWqLsY4ufeTKGVuV5rBsUhxPayXqnnWHgXUAmWK16H/ykO5Wj4Q==
  
  "@hapi/bourne@^3.0.0":
    version "3.0.0"
    resolved "https://registry.yarnpkg.com/@hapi/bourne/-/bourne-3.0.0.tgz#f11fdf7dda62fe8e336fa7c6642d9041f30356d7"
    integrity sha512-Waj1cwPXJDucOib4a3bAISsKJVb15MKi9IvmTI/7ssVEm6sywXGjVJDhl6/umt1pK1ZS7PacXU3A1PmFKHEZ2w==
  
  "@hapi/call@^9.0.0":
    version "9.0.0"
    resolved "https://registry.yarnpkg.com/@hapi/call/-/call-9.0.0.tgz#add16e7cb81933ae5b549f7e26e411ef803ebc98"
    integrity sha512-Z6byqbEtKF3RIH2kWG6cX64RwEqHBWYEVkNoEx6oKvkPaTrC6WTPRgr+ANo9Xa8G1GXyvs/NCMTnn3Mdj12TSA==
    dependencies:
      "@hapi/boom" "^10.0.0"
      "@hapi/hoek" "^10.0.0"
  
  "@hapi/catbox-memory@^6.0.0":
    version "6.0.0"
    resolved "https://registry.yarnpkg.com/@hapi/catbox-memory/-/catbox-memory-6.0.0.tgz#928efa20d291a7b95920921cb0718fcd874a131c"
    integrity sha512-A1O30g8GdaODx/GinytF6jFm772pdTPVWJe0cF2RiTOfhgIAAagzCcpBqRgQ8olLui0F5bzUF/SAi4BmkZ4yxA==
    dependencies:
      "@hapi/boom" "^10.0.0"
      "@hapi/hoek" "^10.0.0"
  
  "@hapi/catbox@^12.0.0":
    version "12.0.1"
    resolved "https://registry.yarnpkg.com/@hapi/catbox/-/catbox-12.0.1.tgz#52026bbad9c914e88aee749ea4b99b5ef04dab40"
    integrity sha512-EJnj0KJt9LZ/c+mo6NB7mesFhy+s+CDX3AT7de5VRCOHkzOm4ENxN/rgNd0HyI/AfT8FqyUKt1Gccd1DVg8tQA==
    dependencies:
      "@hapi/boom" "^10.0.0"
      "@hapi/hoek" "^10.0.0"
      "@hapi/podium" "^5.0.0"
      "@hapi/validate" "^2.0.0"
  
  "@hapi/content@^6.0.0":
    version "6.0.0"
    resolved "https://registry.yarnpkg.com/@hapi/content/-/content-6.0.0.tgz#2427af3bac8a2f743512fce2a70cbdc365af29df"
    integrity sha512-CEhs7j+H0iQffKfe5Htdak5LBOz/Qc8TRh51cF+BFv0qnuph3Em4pjGVzJMkI2gfTDdlJKWJISGWS1rK34POGA==
    dependencies:
      "@hapi/boom" "^10.0.0"
  
  "@hapi/cryptiles@5.x.x":
    version "5.1.0"
    resolved "https://registry.yarnpkg.com/@hapi/cryptiles/-/cryptiles-5.1.0.tgz#655de4cbbc052c947f696148c83b187fc2be8f43"
    integrity sha512-fo9+d1Ba5/FIoMySfMqPBR/7Pa29J2RsiPrl7bkwo5W5o+AN1dAYQRi4SPrPwwVxVGKjgLOEWrsvt1BonJSfLA==
    dependencies:
      "@hapi/boom" "9.x.x"
  
  "@hapi/cryptiles@^6.0.0":
    version "6.0.0"
    resolved "https://registry.yarnpkg.com/@hapi/cryptiles/-/cryptiles-6.0.0.tgz#730294830b04de9a35a83d7609eb67338dae6c5e"
    integrity sha512-CUypQJI2F3HaKZjwlky3KyLu7p0O4WJXNJj+2AZ0czqwkwQIz8j+btOkzA3OMar8WTntnCrDx0f92PzxEK+JlA==
    dependencies:
      "@hapi/boom" "^10.0.0"
  
  "@hapi/file@^3.0.0":
    version "3.0.0"
    resolved "https://registry.yarnpkg.com/@hapi/file/-/file-3.0.0.tgz#f1fd824493ac89a6fceaf89c824afc5ae2121c09"
    integrity sha512-w+lKW+yRrLhJu620jT3y+5g2mHqnKfepreykvdOcl9/6up8GrQQn+l3FRTsjHTKbkbfQFkuksHpdv2EcpKcJ4Q==
  
  "@hapi/hapi@^21.0.0":
    version "21.0.0"
    resolved "https://registry.yarnpkg.com/@hapi/hapi/-/hapi-21.0.0.tgz#b13b0acfb73984fa59b6e2b2c7b2d3084f6604b3"
    integrity sha512-gqGifa4X4nskhsmsgp3AwBq4LPIl7XOlnzpdWSogdc46Z4Hfy/WDjCcaO2yK84tQRmGSlg0nZowOfSCyeT0hRw==
    dependencies:
      "@hapi/accept" "^6.0.0"
      "@hapi/ammo" "^6.0.0"
      "@hapi/boom" "^10.0.0"
      "@hapi/bounce" "^3.0.0"
      "@hapi/call" "^9.0.0"
      "@hapi/catbox" "^12.0.0"
      "@hapi/catbox-memory" "^6.0.0"
      "@hapi/heavy" "^8.0.0"
      "@hapi/hoek" "^10.0.0"
      "@hapi/mimos" "^7.0.0"
      "@hapi/podium" "^5.0.0"
      "@hapi/shot" "^6.0.0"
      "@hapi/somever" "^4.1.0"
      "@hapi/statehood" "^8.0.0"
      "@hapi/subtext" "^8.0.0"
      "@hapi/teamwork" "^6.0.0"
      "@hapi/topo" "^6.0.0"
      "@hapi/validate" "^2.0.0"
  
  "@hapi/heavy@^8.0.0":
    version "8.0.0"
    resolved "https://registry.yarnpkg.com/@hapi/heavy/-/heavy-8.0.0.tgz#756c5170d1e8a9de10601489e250d00e1ecb5a49"
    integrity sha512-NpKo74mF66GSwYu31IZwp11/6NmaUYxHeMTKSky09XBs8fVbzQDP83856+l+Ji6wxGmUeg75itCu1ujvEF6mdA==
    dependencies:
      "@hapi/boom" "^10.0.0"
      "@hapi/hoek" "^10.0.0"
      "@hapi/validate" "^2.0.0"
  
  "@hapi/hoek@10.x.x", "@hapi/hoek@^10.0.0":
    version "10.0.1"
    resolved "https://registry.yarnpkg.com/@hapi/hoek/-/hoek-10.0.1.tgz#ee9da297fabc557e1c040a0f44ee89c266ccc306"
    integrity sha512-CvlW7jmOhWzuqOqiJQ3rQVLMcREh0eel4IBnxDx2FAcK8g7qoJRQK4L1CPBASoCY6y8e6zuCy3f2g+HWdkzcMw==
  
  "@hapi/hoek@9.x.x", "@hapi/hoek@^9.0.0":
    version "9.3.0"
    resolved "https://registry.yarnpkg.com/@hapi/hoek/-/hoek-9.3.0.tgz#8368869dcb735be2e7f5cb7647de78e167a251fb"
    integrity sha512-/c6rf4UJlmHlC9b5BaNvzAcFv7HZ2QHaV0D4/HNlBdvFnvQq8RI4kYdhyPCl7Xj+oWvTWQ8ujhqS53LIgAe6KQ==
  
  "@hapi/iron@^6.0.0":
    version "6.0.0"
    resolved "https://registry.yarnpkg.com/@hapi/iron/-/iron-6.0.0.tgz#ca3f9136cda655bdd6028de0045da0de3d14436f"
    integrity sha512-zvGvWDufiTGpTJPG1Y/McN8UqWBu0k/xs/7l++HVU535NLHXsHhy54cfEMdW7EjwKfbBfM9Xy25FmTiobb7Hvw==
    dependencies:
      "@hapi/b64" "5.x.x"
      "@hapi/boom" "9.x.x"
      "@hapi/bourne" "2.x.x"
      "@hapi/cryptiles" "5.x.x"
      "@hapi/hoek" "9.x.x"
  
  "@hapi/iron@^7.0.0":
    version "7.0.0"
    resolved "https://registry.yarnpkg.com/@hapi/iron/-/iron-7.0.0.tgz#8a69b3e4cd69e908baf23cfeeb6c06d27b53a3bc"
    integrity sha512-NNXJP5fpeiTCPj/4OJG2PWBjWC0/V5D8YggS9RZeuBbfUUuTYE6TbdGqLUsCzIpPI54I8W5dhwEGbRv1CnWQtw==
    dependencies:
      "@hapi/b64" "^6.0.0"
      "@hapi/boom" "^10.0.0"
      "@hapi/bourne" "^3.0.0"
      "@hapi/cryptiles" "^6.0.0"
      "@hapi/hoek" "^10.0.0"
  
  "@hapi/mimos@^7.0.0":
    version "7.0.0"
    resolved "https://registry.yarnpkg.com/@hapi/mimos/-/mimos-7.0.0.tgz#bbe4130bb0235e63d75718f9d8b8f7401532e217"
    integrity sha512-ALORTrZrrBPOUX05rW4htNajoekEjQtUi1PB+17/3xs/hkdQ+gSEFbs5GdJihA49qWf7td3v4PgnvOe8mcf/jQ==
    dependencies:
      "@hapi/hoek" "^10.0.0"
      mime-db "^1.52.0"
  
  "@hapi/nigel@^5.0.0":
    version "5.0.0"
    resolved "https://registry.yarnpkg.com/@hapi/nigel/-/nigel-5.0.0.tgz#f26c2be2d20d9b07df238b71544e80a7ecc7655e"
    integrity sha512-I9eq43BnSdz1BkvMpG7mFL7J+SIfn6DLNThuxFpIOAMUnkWbPgtcFP+HHrBAeoFkowfgQrr02vsIAkAPml4hvw==
    dependencies:
      "@hapi/hoek" "^10.0.0"
      "@hapi/vise" "^5.0.0"
  
  "@hapi/pez@^6.0.0":
    version "6.0.0"
    resolved "https://registry.yarnpkg.com/@hapi/pez/-/pez-6.0.0.tgz#eb80329439436732acf4f331117c825b95329211"
    integrity sha512-3bMmsvlqrVNqaNEe4JWLZVpJ40jXuQ3vDy1+fbhyJmuAdMCMCkWexsKc7fT+mu18pFIwJzlenjc4/VE3weTq7w==
    dependencies:
      "@hapi/b64" "^6.0.0"
      "@hapi/boom" "^10.0.0"
      "@hapi/content" "^6.0.0"
      "@hapi/hoek" "^10.0.0"
      "@hapi/nigel" "^5.0.0"
  
  "@hapi/podium@^4.1.3":
    version "4.1.3"
    resolved "https://registry.yarnpkg.com/@hapi/podium/-/podium-4.1.3.tgz#91e20838fc2b5437f511d664aabebbb393578a26"
    integrity sha512-ljsKGQzLkFqnQxE7qeanvgGj4dejnciErYd30dbrYzUOF/FyS/DOF97qcrT3bhoVwCYmxa6PEMhxfCPlnUcD2g==
    dependencies:
      "@hapi/hoek" "9.x.x"
      "@hapi/teamwork" "5.x.x"
      "@hapi/validate" "1.x.x"
  
  "@hapi/podium@^5.0.0":
    version "5.0.0"
    resolved "https://registry.yarnpkg.com/@hapi/podium/-/podium-5.0.0.tgz#b32fba98a0ebb0a1ee233cb77339da84322d77ae"
    integrity sha512-SbhFdu8LOIscMS82Zsoj9abcllAqbK4qBgznzJ9yr+vS2j1EomJTukkhxb76Lml0BHCd4Hn79F+3EQg06kcf8g==
    dependencies:
      "@hapi/hoek" "^10.0.0"
      "@hapi/teamwork" "^6.0.0"
      "@hapi/validate" "^2.0.0"
  
  "@hapi/shot@^6.0.0":
    version "6.0.0"
    resolved "https://registry.yarnpkg.com/@hapi/shot/-/shot-6.0.0.tgz#ed87a26dcb25c930293ae690830d3479dbf4e75a"
    integrity sha512-RLGgzXy9GciJDunhY40NbVnLgYqp5gfBooZ2fOkAr4KbCEav/SJtYQS1N+knR7WFGzy8aooCR3XBUPI4ghHAkQ==
    dependencies:
      "@hapi/hoek" "^10.0.0"
      "@hapi/validate" "^2.0.0"
  
  "@hapi/somever@^4.1.0":
    version "4.1.0"
    resolved "https://registry.yarnpkg.com/@hapi/somever/-/somever-4.1.0.tgz#021f16da2a4f28924d520bfeeb8efca329b99fe1"
    integrity sha512-koNBYu7Jdcb7gaC4VcnU78rFxSlsYwuElm6NMznE0EEeznzJtvLLmDZX0SPX8kXWC/E7ONlE29HF/yiSOgWG1Q==
    dependencies:
      "@hapi/bounce" "^3.0.0"
      "@hapi/hoek" "^9.0.0"
  
  "@hapi/statehood@^8.0.0":
    version "8.0.0"
    resolved "https://registry.yarnpkg.com/@hapi/statehood/-/statehood-8.0.0.tgz#ca0b1c1ddeece82f4981a01d95e0d963f39c7cae"
    integrity sha512-umQTPID7BwmqAv9Rx7yLtbTNzsYg4va96aLqKneb3mlBQG32uq4iOQZ6luwBVACDFhqU3C3ewhznhukN09ZkZQ==
    dependencies:
      "@hapi/boom" "^10.0.0"
      "@hapi/bounce" "^3.0.0"
      "@hapi/bourne" "^3.0.0"
      "@hapi/cryptiles" "^6.0.0"
      "@hapi/hoek" "^10.0.0"
      "@hapi/iron" "^7.0.0"
      "@hapi/validate" "^2.0.0"
  
  "@hapi/subtext@^8.0.0":
    version "8.0.0"
    resolved "https://registry.yarnpkg.com/@hapi/subtext/-/subtext-8.0.0.tgz#40ca7303f141a19b6b1db997660a68ab64a03494"
    integrity sha512-fD+LY1U1SIUNHZJrNMIbuGl3CAd9JN8slljarFO4b8RrifkzjqbvdlZu/6iT6zlNM35GtDExf7hIepbUFUkT7A==
    dependencies:
      "@hapi/boom" "^10.0.0"
      "@hapi/bourne" "^3.0.0"
      "@hapi/content" "^6.0.0"
      "@hapi/file" "^3.0.0"
      "@hapi/hoek" "^10.0.0"
      "@hapi/pez" "^6.0.0"
      "@hapi/wreck" "^18.0.0"
  
  "@hapi/teamwork@5.x.x":
    version "5.1.1"
    resolved "https://registry.yarnpkg.com/@hapi/teamwork/-/teamwork-5.1.1.tgz#4d2ba3cac19118a36c44bf49a3a47674de52e4e4"
    integrity sha512-1oPx9AE5TIv+V6Ih54RP9lTZBso3rP8j4Xhb6iSVwPXtAM+sDopl5TFMv5Paw73UnpZJ9gjcrTE1BXrWt9eQrg==
  
  "@hapi/teamwork@^6.0.0":
    version "6.0.0"
    resolved "https://registry.yarnpkg.com/@hapi/teamwork/-/teamwork-6.0.0.tgz#b3a173cf811ba59fc6ee22318a1b51f4561f06e0"
    integrity sha512-05HumSy3LWfXpmJ9cr6HzwhAavrHkJ1ZRCmNE2qJMihdM5YcWreWPfyN0yKT2ZjCM92au3ZkuodjBxOibxM67A==
  
  "@hapi/topo@^5.0.0":
    version "5.1.0"
    resolved "https://registry.yarnpkg.com/@hapi/topo/-/topo-5.1.0.tgz#dc448e332c6c6e37a4dc02fd84ba8d44b9afb012"
    integrity sha512-foQZKJig7Ob0BMAYBfcJk8d77QtOe7Wo4ox7ff1lQYoNNAb6jwcY1ncdoy2e9wQZzvNy7ODZCYJkK8kzmcAnAg==
    dependencies:
      "@hapi/hoek" "^9.0.0"
  
  "@hapi/topo@^6.0.0":
    version "6.0.0"
    resolved "https://registry.yarnpkg.com/@hapi/topo/-/topo-6.0.0.tgz#6548e23e0a3d3b117eb0671dba49f654c9224c21"
    integrity sha512-aorJvN1Q1n5xrZuA50Z4X6adI6VAM2NalIVm46ALL9LUvdoqhof3JPY69jdJH8asM3PsWr2SUVYzp57EqUP41A==
    dependencies:
      "@hapi/hoek" "^10.0.0"
  
  "@hapi/validate@1.x.x":
    version "1.1.3"
    resolved "https://registry.yarnpkg.com/@hapi/validate/-/validate-1.1.3.tgz#f750a07283929e09b51aa16be34affb44e1931ad"
    integrity sha512-/XMR0N0wjw0Twzq2pQOzPBZlDzkekGcoCtzO314BpIEsbXdYGthQUbxgkGDf4nhk1+IPDAsXqWjMohRQYO06UA==
    dependencies:
      "@hapi/hoek" "^9.0.0"
      "@hapi/topo" "^5.0.0"
  
  "@hapi/validate@^2.0.0":
    version "2.0.0"
    resolved "https://registry.yarnpkg.com/@hapi/validate/-/validate-2.0.0.tgz#16595de18b2c29621f06f4b29dcc39750c4b94a3"
    integrity sha512-w5m8MvBgqGndbMIB+AWmXTb8CLtF1DlIxbnbAHNAo7aFuNQuI1Ywc2e0zDLK5fbFXDoqRzNrHnC7JjNJ+hDigw==
    dependencies:
      "@hapi/hoek" "^10.0.0"
      "@hapi/topo" "^6.0.0"
  
  "@hapi/vise@^5.0.0":
    version "5.0.0"
    resolved "https://registry.yarnpkg.com/@hapi/vise/-/vise-5.0.0.tgz#d10f393a61cfecdb1a3d5ac1546c2c3293413777"
    integrity sha512-bz/PA7DHIvsd/2eoW7t9WpU8+k9pofZHppYEn1mCTOVnC/cGN3hCEYaoAe6BpoeJM72iJDKZEOWvQvfgCrmzxA==
    dependencies:
      "@hapi/hoek" "^10.0.0"
  
  "@hapi/wreck@^18.0.0":
    version "18.0.0"
    resolved "https://registry.yarnpkg.com/@hapi/wreck/-/wreck-18.0.0.tgz#73da0a238ef5bc45197b4a5fee3b6901d64dd381"
    integrity sha512-Yk9STxoM06Hjjq58cH0KFG91u9F2h9eVE72o8vUr3AfK80qt7I2POG5+cDGTEntbnvvzm0ERow2sjG3QsqCWUA==
    dependencies:
      "@hapi/boom" "^10.0.0"
      "@hapi/bourne" "^3.0.0"
      "@hapi/hoek" "^10.0.0"
  
  "@sideway/address@^4.1.3":
    version "4.1.4"
    resolved "https://registry.yarnpkg.com/@sideway/address/-/address-4.1.4.tgz#03dccebc6ea47fdc226f7d3d1ad512955d4783f0"
    integrity sha512-7vwq+rOHVWjyXxVlR76Agnvhy8I9rpzjosTESvmhNeXOXdZZB15Fl+TI9x1SiHZH5Jv2wTGduSxFDIaq0m3DUw==
    dependencies:
      "@hapi/hoek" "^9.0.0"
  
  "@sideway/formula@^3.0.0":
    version "3.0.0"
    resolved "https://registry.yarnpkg.com/@sideway/formula/-/formula-3.0.0.tgz#fe158aee32e6bd5de85044be615bc08478a0a13c"
    integrity sha512-vHe7wZ4NOXVfkoRb8T5otiENVlT7a3IAiw7H5M2+GO+9CDgcVUUsX1zalAztCmwyOr2RUTGJdgB+ZvSVqmdHmg==
  
  "@sideway/pinpoint@^2.0.0":
    version "2.0.0"
    resolved "https://registry.yarnpkg.com/@sideway/pinpoint/-/pinpoint-2.0.0.tgz#cff8ffadc372ad29fd3f78277aeb29e632cc70df"
    integrity sha512-RNiOoTPkptFtSVzQevY/yWtZwf/RxyVnPy/OcA9HBM3MlGDnBEYL5B41H0MTn0Uec8Hi+2qUtTfG2WWZBmMejQ==
  
  "@types/hapi__catbox@*":
    version "10.2.4"
    resolved "https://registry.yarnpkg.com/@types/hapi__catbox/-/hapi__catbox-10.2.4.tgz#4d0531a6c2d0e45024f724020d536041ef8ffe30"
    integrity sha512-A6ivRrXD5glmnJna1UAGw87QNZRp/vdFO9U4GS+WhOMWzHnw+oTGkMvg0g6y1930CbeheGOCm7A1qHsqH7AXqg==
  
  "@types/hapi__hapi@^20.0.13":
    version "20.0.13"
    resolved "https://registry.yarnpkg.com/@types/hapi__hapi/-/hapi__hapi-20.0.13.tgz#ea8ce83c192f6e8106f6e76e40f795e7e36d0615"
    integrity sha512-LP4IPfhIO5ZPVOrJo7H8c8Slc0WYTFAUNQX1U0LBPKyXioXhH5H2TawIgxKujIyOhbwoBbpvOsBf6o5+ToJIrQ==
    dependencies:
      "@hapi/boom" "^9.0.0"
      "@hapi/iron" "^6.0.0"
      "@hapi/podium" "^4.1.3"
      "@types/hapi__catbox" "*"
      "@types/hapi__mimos" "*"
      "@types/hapi__shot" "*"
      "@types/node" "*"
      joi "^17.3.0"
  
  "@types/hapi__mimos@*":
    version "4.1.4"
    resolved "https://registry.yarnpkg.com/@types/hapi__mimos/-/hapi__mimos-4.1.4.tgz#4f8a1c58345fc468553708d3cb508724aa081bd9"
    integrity sha512-i9hvJpFYTT/qzB5xKWvDYaSXrIiNqi4ephi+5Lo6+DoQdwqPXQgmVVOZR+s3MBiHoFqsCZCX9TmVWG3HczmTEQ==
    dependencies:
      "@types/mime-db" "*"
  
  "@types/hapi__shot@*":
    version "4.1.2"
    resolved "https://registry.yarnpkg.com/@types/hapi__shot/-/hapi__shot-4.1.2.tgz#d4011999a91e8101030fece1462fe99769455855"
    integrity sha512-8wWgLVP1TeGqgzZtCdt+F+k15DWQvLG1Yv6ZzPfb3D5WIo5/S+GGKtJBVo2uNEcqabP5Ifc71QnJTDnTmw1axA==
    dependencies:
      "@types/node" "*"
  
  "@types/mime-db@*":
    version "1.43.1"
    resolved "https://registry.yarnpkg.com/@types/mime-db/-/mime-db-1.43.1.tgz#c2a0522453bb9b6e84ee48b7eef765d19bcd519e"
    integrity sha512-kGZJY+R+WnR5Rk+RPHUMERtb2qBRViIHCBdtUrY+NmwuGb8pQdfTqQiCKPrxpdoycl8KWm2DLdkpoSdt479XoQ==
  
  "@types/node@*", "@types/node@^18.11.9":
    version "18.11.9"
    resolved "https://registry.yarnpkg.com/@types/node/-/node-18.11.9.tgz#02d013de7058cea16d36168ef2fc653464cfbad4"
    integrity sha512-CRpX21/kGdzjOpFsZSkcrXMGIBWMGNIHXXBVFSH+ggkftxg+XYP20TESbh+zFvFj3EQOl5byk0HTRn1IL6hbqg==
  
  joi@^17.3.0:
    version "17.7.0"
    resolved "https://registry.yarnpkg.com/joi/-/joi-17.7.0.tgz#591a33b1fe1aca2bc27f290bcad9b9c1c570a6b3"
    integrity sha512-1/ugc8djfn93rTE3WRKdCzGGt/EtiYKxITMO4Wiv6q5JL1gl9ePt4kBsl1S499nbosspfctIQTpYIhSmHA3WAg==
    dependencies:
      "@hapi/hoek" "^9.0.0"
      "@hapi/topo" "^5.0.0"
      "@sideway/address" "^4.1.3"
      "@sideway/formula" "^3.0.0"
      "@sideway/pinpoint" "^2.0.0"
  
  mime-db@^1.52.0:
    version "1.52.0"
    resolved "https://registry.yarnpkg.com/mime-db/-/mime-db-1.52.0.tgz#bbabcdc02859f4987301c856e3387ce5ec43bf70"
    integrity sha512-sPU4uV7dYlvtWJxwwxHD0PuihVNiE7TyAbQ5SWxDCB9mUYvOgroQOwYQQOKPJ8CIbE+1ETVlOoK1UC2nU3gYvg==
  
  typescript@^4.8.4:
    version "4.8.4"
    resolved "https://registry.yarnpkg.com/typescript/-/typescript-4.8.4.tgz#c464abca159669597be5f96b8943500b238e60e6"
    integrity sha512-QCh+85mCy+h0IGff8r5XWzOVSbBO+KfeYrMQh7NJ58QujwcE22u+NUSmUxqF+un70P9GXKxa2HCNiTTMJknyjQ==
